<?xml version="1.0" encoding="UTF-8"?>
<!-- Generated by org.testng.reporters.JUnitReportReporter -->
<testsuite hostname="DESKTOP-QQ0GK7C" name="Alert_Popup.TSRTC_Alert" tests="1" failures="0" timestamp="20 Nov 2019 10:46:54 GMT" time="0.538" errors="0">
  <testcase name="alert" time="0.538" classname="Alert_Popup.TSRTC_Alert"/>
</testsuite> <!-- Alert_Popup.TSRTC_Alert -->
