<?xml version="1.0" encoding="UTF-8"?>
<!-- Generated by org.testng.reporters.JUnitReportReporter -->
<testsuite hostname="DESKTOP-QQ0GK7C" name="GRID.OHRM_LoginTest_Using_GRID" tests="1" failures="0" timestamp="23 Nov 2019 10:56:20 GMT" time="13.544" errors="0">
  <testcase name="login" time="13.544" classname="GRID.OHRM_LoginTest_Using_GRID"/>
</testsuite> <!-- GRID.OHRM_LoginTest_Using_GRID -->
