<?xml version="1.0" encoding="UTF-8"?>
<!-- Generated by org.testng.reporters.JUnitReportReporter -->
<testsuite hostname="DESKTOP-QQ0GK7C" name="GRID.GRID_DataProvider_LoginTest" tests="2" failures="0" timestamp="23 Nov 2019 11:39:45 GMT" time="107.317" errors="0">
  <testcase name="logIn" time="74.829" classname="GRID.GRID_DataProvider_LoginTest"/>
  <testcase name="logIn" time="32.488" classname="GRID.GRID_DataProvider_LoginTest"/>
</testsuite> <!-- GRID.GRID_DataProvider_LoginTest -->
