<?xml version="1.0" encoding="UTF-8"?>
<!-- Generated by org.testng.reporters.JUnitReportReporter -->
<testsuite hostname="DESKTOP-QQ0GK7C" name="Datadriven_Properties.NewTours_Logintest" tests="1" failures="0" timestamp="21 Nov 2019 16:52:13 GMT" time="23.352" errors="0">
  <testcase name="login" time="23.352" classname="Datadriven_Properties.NewTours_Logintest"/>
</testsuite> <!-- Datadriven_Properties.NewTours_Logintest -->
