<?xml version="1.0" encoding="UTF-8"?>
<!-- Generated by org.testng.reporters.JUnitReportReporter -->
<testsuite hostname="DESKTOP-QQ0GK7C" name="com.DataDriven.NewTours_LoginTest" tests="1" failures="0" timestamp="18 Nov 2019 07:19:05 GMT" time="13.685" errors="0">
  <testcase name="logIn" time="13.685" classname="com.DataDriven.NewTours_LoginTest"/>
</testsuite> <!-- com.DataDriven.NewTours_LoginTest -->
