<?xml version="1.0" encoding="UTF-8"?>
<!-- Generated by org.testng.reporters.JUnitReportReporter -->
<testsuite hostname="DESKTOP-QQ0GK7C" name="FontTest.fontTest" tests="1" failures="0" timestamp="23 Nov 2019 15:58:12 GMT" time="1.081" errors="0">
  <testcase name="readFontProperty" time="1.081" classname="FontTest.fontTest"/>
</testsuite> <!-- FontTest.fontTest -->
