<?xml version="1.0" encoding="UTF-8"?>
<!-- Generated by org.testng.reporters.JUnitReportReporter -->
<testsuite hostname="DESKTOP-QQ0GK7C" name="RadioButton_CheckBox_Selection.RadioButton_CheckBox_Selection" tests="2" failures="0" timestamp="20 Nov 2019 12:44:15 GMT" time="10.769" errors="0">
  <testcase name="radiobutton" time="5.382" classname="RadioButton_CheckBox_Selection.RadioButton_CheckBox_Selection"/>
  <testcase name="checkBox" time="5.387" classname="RadioButton_CheckBox_Selection.RadioButton_CheckBox_Selection"/>
</testsuite> <!-- RadioButton_CheckBox_Selection.RadioButton_CheckBox_Selection -->
