<?xml version="1.0" encoding="UTF-8"?>
<!-- Generated by org.testng.reporters.JUnitReportReporter -->
<testsuite hostname="DESKTOP-QQ0GK7C" name="Vaildating_Image_and_Text_OrangeHRM.Vaildating_Image_and_Text_OrangeHRM" tests="1" failures="0" timestamp="18 Nov 2019 08:01:50 GMT" time="0.548" errors="0">
  <testcase name="validation" time="0.548" classname="Vaildating_Image_and_Text_OrangeHRM.Vaildating_Image_and_Text_OrangeHRM"/>
</testsuite> <!-- Vaildating_Image_and_Text_OrangeHRM.Vaildating_Image_and_Text_OrangeHRM -->
