<?xml version="1.0" encoding="UTF-8"?>
<!-- Generated by org.testng.reporters.JUnitReportReporter -->
<testsuite hostname="DESKTOP-QQ0GK7C" name="Facebook_LoginTest.LoginTest" tests="1" failures="0" timestamp="21 Nov 2019 17:29:52 GMT" time="20.045" errors="0">
  <testcase name="login" time="20.045" classname="Facebook_LoginTest.LoginTest"/>
</testsuite> <!-- Facebook_LoginTest.LoginTest -->
